<?xml version="1.0" encoding="UTF-8"?>
<testsuite xmlns:xsi="http://www.w3.org/2001/XMLSchema-instance" xsi:noNamespaceSchemaLocation="https://maven.apache.org/surefire/maven-surefire-plugin/xsd/surefire-test-report-3.0.xsd" version="3.0" name="com.pastebin.service.api.controller.PasteControllerTest" time="10.652" tests="1" errors="0" skipped="0" failures="0">
  <properties>
[...]
</properties>
  <testcase name="createPaste_shouldReturnCreatedPaste" classname="com.pastebin.service.api.controller.PasteControllerTest" time="0.34">
    <system-out><![CDATA[Standard Commons Logging discovery in action with spring-jcl: please remove commons-logging.jar from classpath in order to avoid potential conflicts
20:38:42.355 [main] INFO org.springframework.test.context.support.AnnotationConfigContextLoaderUtils -- Could not detect default configuration classes for test class [com.pastebin.service.api.controller.PasteControllerTest]: PasteControllerTest does not declare any static, non-private, non-final, nested classes annotated with @Configuration.
20:38:42.634 [main] INFO org.springframework.boot.test.context.SpringBootTestContextBootstrapper -- Found @SpringBootConfiguration com.pastebin.service.api.ApiServiceApplication for test class com.pastebin.service.api.controller.PasteControllerTest

  .   ____          _            __ _ _
 /\\ / ___'_ __ _ _(_)_ __  __ _ \ \ \ \
( ( )\___ | '_ | '_| | '_ \/ _` | \ \ \ \
 \\/  ___)| |_)| | | | | || (_| |  ) ) ) )
  '  |____| .__|_| |_|_| |_\__, | / / / /
 =========|_|==============|___/=/_/_/_/
 :: Spring Boot ::                (v3.1.2)

2024-07-27T20:38:44.561+03:00  INFO 22596 --- [           main] c.p.s.a.controller.PasteControllerTest   : Starting PasteControllerTest using Java 17.0.10 with PID 22596 (started by gameu in C:\Users\gameu\OneDrive\Рабочий стол\programming\github\pastebin-service\backend\ApiService)
2024-07-27T20:38:44.565+03:00  INFO 22596 --- [           main] c.p.s.a.controller.PasteControllerTest   : No active profile set, falling back to 1 default profile: "default"
2024-07-27T20:38:45.287+03:00  INFO 22596 --- [           main] .s.d.r.c.RepositoryConfigurationDelegate : Multiple Spring Data modules found, entering strict repository configuration mode
2024-07-27T20:38:45.288+03:00  INFO 22596 --- [           main] .s.d.r.c.RepositoryConfigurationDelegate : Bootstrapping Spring Data JPA repositories in DEFAULT mode.
2024-07-27T20:38:45.483+03:00  INFO 22596 --- [           main] .s.d.r.c.RepositoryConfigurationDelegate : Finished Spring Data repository scanning in 180 ms. Found 1 JPA repository interfaces.
2024-07-27T20:38:47.776+03:00  INFO 22596 --- [           main] o.hibernate.jpa.internal.util.LogHelper  : HHH000204: Processing PersistenceUnitInfo [name: default]
2024-07-27T20:38:47.912+03:00  INFO 22596 --- [           main] org.hibernate.Version                    : HHH000412: Hibernate ORM core version 6.2.6.Final
2024-07-27T20:38:47.916+03:00  INFO 22596 --- [           main] org.hibernate.cfg.Environment            : HHH000406: Using bytecode reflection optimizer
2024-07-27T20:38:48.251+03:00  INFO 22596 --- [           main] o.h.b.i.BytecodeProviderInitiator        : HHH000021: Bytecode provider name : bytebuddy
2024-07-27T20:38:48.271+03:00  INFO 22596 --- [           main] o.s.o.j.p.SpringPersistenceUnitInfo      : No LoadTimeWeaver setup: ignoring JPA class transformer
2024-07-27T20:38:48.305+03:00  INFO 22596 --- [           main] com.zaxxer.hikari.HikariDataSource       : HikariPool-1 - Starting...
2024-07-27T20:38:48.685+03:00  INFO 22596 --- [           main] com.zaxxer.hikari.pool.HikariPool        : HikariPool-1 - Added connection conn0: url=jdbc:h2:mem:testdb user=SA
2024-07-27T20:38:48.688+03:00  INFO 22596 --- [           main] com.zaxxer.hikari.HikariDataSource       : HikariPool-1 - Start completed.
2024-07-27T20:38:49.139+03:00  INFO 22596 --- [           main] o.h.b.i.BytecodeProviderInitiator        : HHH000021: Bytecode provider name : bytebuddy
2024-07-27T20:38:49.953+03:00  INFO 22596 --- [           main] o.h.e.t.j.p.i.JtaPlatformInitiator       : HHH000490: Using JtaPlatform implementation: [org.hibernate.engine.transaction.jta.platform.internal.NoJtaPlatform]
Hibernate: drop table if exists pastes cascade 
Hibernate: create table pastes (is_public boolean not null, created_at timestamp(6), data TEXT, hash varchar(255) not null, language varchar(255), title varchar(255), primary key (hash))
2024-07-27T20:38:49.999+03:00  INFO 22596 --- [           main] j.LocalContainerEntityManagerFactoryBean : Initialized JPA EntityManagerFactory for persistence unit 'default'
2024-07-27T20:38:50.632+03:00  WARN 22596 --- [           main] ocalVariableTableParameterNameDiscoverer : Using deprecated '-debug' fallback for parameter name resolution. Compile the affected code with '-parameters' instead or avoid its introspection: com.pastebin.service.api.config.RedisConfig
2024-07-27T20:38:51.532+03:00  WARN 22596 --- [           main] JpaBaseConfiguration$JpaWebConfiguration : spring.jpa.open-in-view is enabled by default. Therefore, database queries may be performed during view rendering. Explicitly configure spring.jpa.open-in-view to disable this warning
2024-07-27T20:38:52.084+03:00  INFO 22596 --- [           main] o.s.b.t.m.w.SpringBootMockServletContext : Initializing Spring TestDispatcherServlet ''
2024-07-27T20:38:52.085+03:00  INFO 22596 --- [           main] o.s.t.web.servlet.TestDispatcherServlet  : Initializing Servlet ''
2024-07-27T20:38:52.090+03:00  INFO 22596 --- [           main] o.s.t.web.servlet.TestDispatcherServlet  : Completed initialization in 2 ms
2024-07-27T20:38:52.295+03:00  INFO 22596 --- [           main] c.p.s.a.controller.PasteControllerTest   : Started PasteControllerTest in 9.51 seconds (process running for 11.282)
]]></system-out>
  </testcase>
</testsuite>